mode: set
ApiGateway/handlers/compressionProcessor.go:11.59,16.45 3 1
ApiGateway/handlers/compressionProcessor.go:36.2,36.25 1 1
ApiGateway/handlers/compressionProcessor.go:17.14,20.17 2 1
ApiGateway/handlers/compressionProcessor.go:24.3,26.40 3 1
ApiGateway/handlers/compressionProcessor.go:27.17,32.40 4 1
ApiGateway/handlers/compressionProcessor.go:33.10,34.47 1 1
ApiGateway/handlers/compressionProcessor.go:20.17,23.4 2 1
ApiGateway/handlers/doPostPutPatch.go:10.48,12.17 2 1
ApiGateway/handlers/doPostPutPatch.go:72.2,72.17 1 1
ApiGateway/handlers/doPostPutPatch.go:12.17,17.14 3 1
ApiGateway/handlers/doPostPutPatch.go:17.14,19.18 2 1
ApiGateway/handlers/doPostPutPatch.go:19.18,24.16 5 1
ApiGateway/handlers/doPostPutPatch.go:24.16,27.20 3 1
ApiGateway/handlers/doPostPutPatch.go:27.20,34.7 6 1
ApiGateway/handlers/doPostPutPatch.go:34.7,39.43 3 1
ApiGateway/handlers/doPostPutPatch.go:47.7,47.34 1 1
ApiGateway/handlers/doPostPutPatch.go:39.43,41.8 1 1
ApiGateway/handlers/doPostPutPatch.go:41.8,46.8 4 1
ApiGateway/handlers/doPostPutPatch.go:49.6,56.6 6 1
ApiGateway/handlers/doPostPutPatch.go:57.5,60.5 2 1
ApiGateway/handlers/doPostPutPatch.go:61.4,64.4 2 1
ApiGateway/handlers/doPostPutPatch.go:66.3,71.3 4 1
ApiGateway/handlers/handler.go:46.47,49.31 3 1
ApiGateway/handlers/handler.go:57.2,57.12 1 1
ApiGateway/handlers/handler.go:49.31,50.12 1 1
ApiGateway/handlers/handler.go:50.12,53.4 2 1
ApiGateway/handlers/handler.go:53.4,55.4 1 1
ApiGateway/handlers/handler.go:60.32,62.36 2 1
ApiGateway/handlers/handler.go:67.2,67.12 1 1
ApiGateway/handlers/handler.go:62.36,64.3 1 1
ApiGateway/handlers/handler.go:64.3,66.3 1 1
ApiGateway/handlers/handler.go:70.35,72.110 2 1
ApiGateway/handlers/handler.go:75.2,75.12 1 1
ApiGateway/handlers/handler.go:72.110,74.3 1 1
ApiGateway/handlers/handler.go:78.55,80.23 2 1
ApiGateway/handlers/handler.go:80.23,86.3 1 1
ApiGateway/handlers/handler.go:89.69,97.23 2 1
ApiGateway/handlers/handler.go:97.23,107.3 1 1
ApiGateway/handlers/handler.go:110.52,113.101 3 1
ApiGateway/handlers/handler.go:123.2,123.20 1 1
ApiGateway/handlers/handler.go:113.101,117.17 3 1
ApiGateway/handlers/handler.go:117.17,121.4 3 1
ApiGateway/handlers/handler.go:126.80,130.89 4 1
ApiGateway/handlers/handler.go:135.2,135.17 1 1
ApiGateway/handlers/handler.go:142.2,142.20 1 1
ApiGateway/handlers/handler.go:130.89,132.3 1 1
ApiGateway/handlers/handler.go:132.3,134.3 1 1
ApiGateway/handlers/handler.go:135.17,141.3 3 1
ApiGateway/handlers/handler.go:145.75,150.17 5 1
ApiGateway/handlers/handler.go:156.2,156.24 1 1
ApiGateway/handlers/handler.go:150.17,155.3 4 1
ApiGateway/handlers/handler.go:159.38,171.44 11 1
ApiGateway/handlers/handler.go:179.2,179.12 1 1
ApiGateway/handlers/handler.go:171.44,178.3 5 1
ApiGateway/handlers/handler.go:182.76,198.2 8 1
