mode: set
ApiGateway/handlers/compressionProcessor.go:11.59,16.45 3 1
ApiGateway/handlers/compressionProcessor.go:36.2,36.25 1 1
ApiGateway/handlers/compressionProcessor.go:17.14,20.17 2 1
ApiGateway/handlers/compressionProcessor.go:24.3,26.40 3 1
ApiGateway/handlers/compressionProcessor.go:27.17,32.40 4 1
ApiGateway/handlers/compressionProcessor.go:33.10,34.47 1 1
ApiGateway/handlers/compressionProcessor.go:20.17,23.4 2 1
ApiGateway/handlers/doPostPutPatch.go:13.48,23.17 6 0
ApiGateway/handlers/doPostPutPatch.go:156.2,160.17 5 0
ApiGateway/handlers/doPostPutPatch.go:23.17,30.14 3 0
ApiGateway/handlers/doPostPutPatch.go:30.14,40.18 2 0
ApiGateway/handlers/doPostPutPatch.go:40.18,49.20 6 0
ApiGateway/handlers/doPostPutPatch.go:49.20,77.6 20 0
ApiGateway/handlers/doPostPutPatch.go:77.6,80.20 3 0
ApiGateway/handlers/doPostPutPatch.go:80.20,111.7 20 0
ApiGateway/handlers/doPostPutPatch.go:111.7,116.35 3 0
ApiGateway/handlers/doPostPutPatch.go:132.7,132.34 1 0
ApiGateway/handlers/doPostPutPatch.go:116.35,125.8 7 0
ApiGateway/handlers/doPostPutPatch.go:125.8,131.8 4 0
ApiGateway/handlers/doPostPutPatch.go:136.5,139.5 2 0
ApiGateway/handlers/doPostPutPatch.go:150.4,153.4 2 0
ApiGateway/handlers/handler.go:46.47,49.31 3 1
ApiGateway/handlers/handler.go:57.2,57.12 1 1
ApiGateway/handlers/handler.go:49.31,50.20 1 1
ApiGateway/handlers/handler.go:50.20,53.4 2 1
ApiGateway/handlers/handler.go:53.4,55.4 1 1
ApiGateway/handlers/handler.go:60.32,62.36 2 1
ApiGateway/handlers/handler.go:67.2,67.12 1 1
ApiGateway/handlers/handler.go:62.36,64.3 1 1
ApiGateway/handlers/handler.go:64.3,66.3 1 1
ApiGateway/handlers/handler.go:70.35,72.110 2 1
ApiGateway/handlers/handler.go:75.2,75.12 1 1
ApiGateway/handlers/handler.go:72.110,74.3 1 1
ApiGateway/handlers/handler.go:78.55,80.23 2 1
ApiGateway/handlers/handler.go:80.23,86.3 1 1
ApiGateway/handlers/handler.go:89.69,97.23 2 1
ApiGateway/handlers/handler.go:97.23,107.3 1 1
ApiGateway/handlers/handler.go:110.52,113.101 3 1
ApiGateway/handlers/handler.go:123.2,123.20 1 1
ApiGateway/handlers/handler.go:113.101,117.17 3 1
ApiGateway/handlers/handler.go:117.17,121.4 3 1
ApiGateway/handlers/handler.go:126.80,130.89 4 1
ApiGateway/handlers/handler.go:135.2,135.17 1 1
ApiGateway/handlers/handler.go:142.2,142.20 1 1
ApiGateway/handlers/handler.go:130.89,132.3 1 1
ApiGateway/handlers/handler.go:132.3,134.3 1 1
ApiGateway/handlers/handler.go:135.17,141.3 3 1
