mode: set
ApiGateway/cluster/cluster.go:37.92,44.11 7 1
ApiGateway/cluster/cluster.go:54.2,54.19 1 1
ApiGateway/cluster/cluster.go:44.11,50.3 4 1
ApiGateway/cluster/cluster.go:50.3,53.3 2 1
ApiGateway/cluster/cluster.go:58.92,66.11 7 1
ApiGateway/cluster/cluster.go:75.2,75.19 1 1
ApiGateway/cluster/cluster.go:66.11,71.3 4 1
ApiGateway/cluster/cluster.go:71.3,74.3 2 1
ApiGateway/cluster/cluster.go:79.85,83.17 4 1
ApiGateway/cluster/cluster.go:92.2,92.13 1 1
ApiGateway/cluster/cluster.go:83.17,87.3 3 1
ApiGateway/cluster/cluster.go:87.3,91.3 3 1
