mode: set
ApiGateway/cluster/cluster.go:56.92,63.11 7 1
ApiGateway/cluster/cluster.go:73.2,73.19 1 1
ApiGateway/cluster/cluster.go:63.11,69.3 4 1
ApiGateway/cluster/cluster.go:69.3,72.3 2 1
ApiGateway/cluster/cluster.go:77.92,85.11 7 1
ApiGateway/cluster/cluster.go:94.2,94.19 1 1
ApiGateway/cluster/cluster.go:85.11,90.3 4 1
ApiGateway/cluster/cluster.go:90.3,93.3 2 1
ApiGateway/cluster/cluster.go:98.86,106.11 8 1
ApiGateway/cluster/cluster.go:116.2,116.19 1 1
ApiGateway/cluster/cluster.go:106.11,112.3 5 1
ApiGateway/cluster/cluster.go:112.3,115.3 2 1
ApiGateway/cluster/cluster.go:120.87,128.11 8 1
ApiGateway/cluster/cluster.go:138.2,138.19 1 1
ApiGateway/cluster/cluster.go:128.11,134.3 5 1
ApiGateway/cluster/cluster.go:134.3,137.3 2 1
