mode: set
ApiGateway/managers/gatewayManager.go:37.107,43.17 4 1
ApiGateway/managers/gatewayManager.go:52.2,52.32 1 1
ApiGateway/managers/gatewayManager.go:67.2,67.16 1 1
ApiGateway/managers/gatewayManager.go:43.17,47.3 2 1
ApiGateway/managers/gatewayManager.go:47.3,51.3 1 1
ApiGateway/managers/gatewayManager.go:52.32,53.23 1 1
ApiGateway/managers/gatewayManager.go:53.23,54.24 1 1
ApiGateway/managers/gatewayManager.go:54.24,56.10 2 1
ApiGateway/managers/gatewayManager.go:59.3,59.26 1 1
ApiGateway/managers/gatewayManager.go:59.26,60.23 1 1
ApiGateway/managers/gatewayManager.go:60.23,61.35 1 1
ApiGateway/managers/gatewayManager.go:61.35,63.10 2 1
ApiGateway/managers/gatewayManager.go:70.32,72.36 2 1
ApiGateway/managers/gatewayManager.go:77.2,77.12 1 1
ApiGateway/managers/gatewayManager.go:72.36,74.3 1 1
ApiGateway/managers/gatewayManager.go:74.3,76.3 1 1
ApiGateway/managers/gatewayManager.go:80.32,82.43 2 1
ApiGateway/managers/gatewayManager.go:86.2,86.12 1 1
ApiGateway/managers/gatewayManager.go:82.43,85.3 2 1
ApiGateway/managers/gatewayManager.go:89.71,103.2 13 1
ApiGateway/managers/gatewayManager.go:105.82,115.2 7 1
ApiGateway/managers/gatewayManager.go:117.54,122.50 1 1
ApiGateway/managers/gatewayManager.go:122.50,126.42 2 1
ApiGateway/managers/gatewayManager.go:126.42,128.4 1 1
ApiGateway/managers/gatewayManager.go:129.3,133.3 1 1
