mode: set
ApiGateway/managers/gatewayManager.go:39.107,45.35 6 1
ApiGateway/managers/gatewayManager.go:54.2,54.32 1 1
ApiGateway/managers/gatewayManager.go:69.2,69.16 1 1
ApiGateway/managers/gatewayManager.go:45.35,49.3 2 1
ApiGateway/managers/gatewayManager.go:49.3,53.3 1 1
ApiGateway/managers/gatewayManager.go:54.32,55.23 1 1
ApiGateway/managers/gatewayManager.go:55.23,56.24 1 1
ApiGateway/managers/gatewayManager.go:56.24,58.10 2 1
ApiGateway/managers/gatewayManager.go:61.3,61.26 1 1
ApiGateway/managers/gatewayManager.go:61.26,62.23 1 1
ApiGateway/managers/gatewayManager.go:62.23,63.35 1 1
ApiGateway/managers/gatewayManager.go:63.35,65.10 2 1
ApiGateway/managers/gatewayManager.go:72.32,74.36 2 1
ApiGateway/managers/gatewayManager.go:79.2,79.12 1 1
ApiGateway/managers/gatewayManager.go:74.36,76.3 1 1
ApiGateway/managers/gatewayManager.go:76.3,78.3 1 1
ApiGateway/managers/gatewayManager.go:82.32,84.43 2 1
ApiGateway/managers/gatewayManager.go:88.2,88.12 1 1
ApiGateway/managers/gatewayManager.go:84.43,87.3 2 1
ApiGateway/managers/gatewayManager.go:91.71,105.2 13 1
ApiGateway/managers/gatewayManager.go:108.82,118.2 7 1
ApiGateway/managers/gatewayManager.go:121.54,126.56 5 1
ApiGateway/managers/gatewayManager.go:126.56,131.42 2 1
ApiGateway/managers/gatewayManager.go:131.42,133.4 1 1
ApiGateway/managers/gatewayManager.go:134.3,141.3 3 1
