mode: set
ApiGateway/common/common.go:18.79,25.16 5 1
ApiGateway/common/common.go:44.2,44.17 1 1
ApiGateway/common/common.go:25.16,29.18 3 1
ApiGateway/common/common.go:29.18,33.4 3 1
ApiGateway/common/common.go:34.3,37.18 2 1
ApiGateway/common/common.go:37.18,41.4 3 1
ApiGateway/common/common.go:48.64,52.17 2 1
ApiGateway/common/common.go:71.2,71.12 1 1
ApiGateway/common/common.go:52.17,57.17 5 1
ApiGateway/common/common.go:62.3,62.17 1 1
ApiGateway/common/common.go:57.17,61.4 3 1
ApiGateway/common/common.go:62.17,65.4 2 1
ApiGateway/common/common.go:65.4,67.4 1 1
ApiGateway/common/common.go:68.3,70.3 1 1
ApiGateway/common/common.go:75.45,80.2 2 1
