mode: set
ApiGateway/common/common.go:12.79,19.16 5 1
ApiGateway/common/common.go:38.2,38.17 1 1
ApiGateway/common/common.go:19.16,23.18 3 1
ApiGateway/common/common.go:23.18,27.4 3 1
ApiGateway/common/common.go:28.3,31.18 2 1
ApiGateway/common/common.go:31.18,35.4 3 1
ApiGateway/common/common.go:42.64,46.17 2 1
ApiGateway/common/common.go:65.2,65.12 1 1
ApiGateway/common/common.go:46.17,51.17 5 1
ApiGateway/common/common.go:56.3,56.17 1 1
ApiGateway/common/common.go:51.17,55.4 3 1
ApiGateway/common/common.go:56.17,59.4 2 1
ApiGateway/common/common.go:59.4,61.4 1 1
ApiGateway/common/common.go:62.3,64.3 1 1
ApiGateway/common/common.go:69.45,74.2 2 1
